<?xml version="1.0" encoding="UTF-8"?>
<testng-results ignored="0" total="2" passed="2" failed="0" skipped="0">
  <reporter-output>
  </reporter-output>
  <suite started-at="2020-04-01T00:31:52 PDT" name="Default suite" finished-at="2020-04-01T00:32:37 PDT" duration-ms="44954">
    <groups>
    </groups>
    <test started-at="2020-04-01T00:31:52 PDT" name="Default test" finished-at="2020-04-01T00:32:37 PDT" duration-ms="44954">
      <class name="test.Magento">
        <test-method signature="registration()[pri:1, instance:test.Magento@3745e5c6]" started-at="2020-04-01T00:31:52 PDT" name="registration" finished-at="2020-04-01T00:32:17 PDT" duration-ms="24881" status="PASS">
          <reporter-output>
          </reporter-output>
        </test-method> <!-- registration -->
        <test-method signature="negative_login()[pri:2, instance:test.Magento@3745e5c6]" started-at="2020-04-01T00:32:17 PDT" name="negative_login" finished-at="2020-04-01T00:32:37 PDT" duration-ms="19969" status="PASS">
          <reporter-output>
          </reporter-output>
        </test-method> <!-- negative_login -->
      </class> <!-- test.Magento -->
    </test> <!-- Default test -->
  </suite> <!-- Default suite -->
</testng-results>
